# JRE version: Java(TM) SE Runtime Environment (8.0_60-b27) (build 1.8.0_60-b27)
# Java VM: Java HotSpot(TM) 64-Bit Server VM (25.60-b23 mixed mode windows-amd64 compressed oops)
Heap:
 PSYoungGen      total 61952K, used 25620K [0x00000000daf80000, 0x00000000df880000, 0x0000000100000000)
  eden space 54272K, 33% used [0x00000000daf80000,0x00000000dc1096d8,0x00000000de480000)
  from space 7680K, 99% used [0x00000000de580000,0x00000000decfbb08,0x00000000ded00000)
  to   space 10240K, 0% used [0x00000000dee80000,0x00000000dee80000,0x00000000df880000)
 ParOldGen       total 227328K, used 214106K [0x0000000090e00000, 0x000000009ec00000, 0x00000000daf80000)
  object space 227328K, 94% used [0x0000000090e00000,0x000000009df169f0,0x000000009ec00000)
 Metaspace       used 34871K, capacity 35380K, committed 35456K, reserved 1081344K
  class space    used 4072K, capacity 4210K, committed 4224K, reserved 1048576K
GC Heap History (10 events):
Event: 192909.756 GC heap before
{Heap before GC invocations=198 (full 13):
 PSYoungGen      total 48128K, used 41840K [0x00000000daf80000, 0x00000000dee00000, 0x0000000100000000)
  eden space 38400K, 100% used [0x00000000daf80000,0x00000000dd500000,0x00000000dd500000)
  from space 9728K, 35% used [0x00000000dde00000,0x00000000de15c138,0x00000000de780000)
  to   space 9216K, 0% used [0x00000000dd500000,0x00000000dd500000,0x00000000dde00000)
 ParOldGen       total 227328K, used 198546K [0x0000000090e00000, 0x000000009ec00000, 0x00000000daf80000)
  object space 227328K, 87% used [0x0000000090e00000,0x000000009cfe4948,0x000000009ec00000)
 Metaspace       used 34858K, capacity 35380K, committed 35456K, reserved 1081344K
  class space    used 4072K, capacity 4210K, committed 4224K, reserved 1048576K
Event: 192909.761 GC heap after
Heap after GC invocations=198 (full 13):
 PSYoungGen      total 47616K, used 1441K [0x00000000daf80000, 0x00000000dee80000, 0x0000000100000000)
  eden space 38400K, 0% used [0x00000000daf80000,0x00000000daf80000,0x00000000dd500000)
  from space 9216K, 15% used [0x00000000dd500000,0x00000000dd6684d8,0x00000000dde00000)
  to   space 9216K, 0% used [0x00000000de580000,0x00000000de580000,0x00000000dee80000)
 ParOldGen       total 227328K, used 201533K [0x0000000090e00000, 0x000000009ec00000, 0x00000000daf80000)
  object space 227328K, 88% used [0x0000000090e00000,0x000000009d2cf570,0x000000009ec00000)
 Metaspace       used 34858K, capacity 35380K, committed 35456K, reserved 1081344K
  class space    used 4072K, capacity 4210K, committed 4224K, reserved 1048576K
}
Event: 192910.041 GC heap before
{Heap before GC invocations=199 (full 13):
 PSYoungGen      total 47616K, used 39830K [0x00000000daf80000, 0x00000000dee80000, 0x0000000100000000)
  eden space 38400K, 99% used [0x00000000daf80000,0x00000000dd4fd400,0x00000000dd500000)
  from space 9216K, 15% used [0x00000000dd500000,0x00000000dd6684d8,0x00000000dde00000)
  to   space 9216K, 0% used [0x00000000de580000,0x00000000de580000,0x00000000dee80000)
 ParOldGen       total 227328K, used 201533K [0x0000000090e00000, 0x000000009ec00000, 0x00000000daf80000)
  object space 227328K, 88% used [0x0000000090e00000,0x000000009d2cf570,0x000000009ec00000)
 Metaspace       used 34858K, capacity 35380K, committed 35456K, reserved 1081344K
  class space    used 4072K, capacity 4210K, committed 4224K, reserved 1048576K
Event: 192910.045 GC heap after
Heap after GC invocations=199 (full 13):
 PSYoungGen      total 54272K, used 1994K [0x00000000daf80000, 0x00000000ded80000, 0x0000000100000000)
  eden space 46080K, 0% used [0x00000000daf80000,0x00000000daf80000,0x00000000ddc80000)
  from space 8192K, 24% used [0x00000000de580000,0x00000000de772b80,0x00000000ded80000)
  to   space 8704K, 0% used [0x00000000ddc80000,0x00000000ddc80000,0x00000000de500000)
 ParOldGen       total 227328K, used 202572K [0x0000000090e00000, 0x000000009ec00000, 0x00000000daf80000)
  object space 227328K, 89% used [0x0000000090e00000,0x000000009d3d3118,0x000000009ec00000)
 Metaspace       used 34858K, capacity 35380K, committed 35456K, reserved 1081344K
  class space    used 4072K, capacity 4210K, committed 4224K, reserved 1048576K
}
Event: 192910.666 GC heap before
{Heap before GC invocations=200 (full 13):
 PSYoungGen      total 54272K, used 48074K [0x00000000daf80000, 0x00000000ded80000, 0x0000000100000000)
  eden space 46080K, 100% used [0x00000000daf80000,0x00000000ddc80000,0x00000000ddc80000)
  from space 8192K, 24% used [0x00000000de580000,0x00000000de772b80,0x00000000ded80000)
  to   space 8704K, 0% used [0x00000000ddc80000,0x00000000ddc80000,0x00000000de500000)
 ParOldGen       total 227328K, used 202572K [0x0000000090e00000, 0x000000009ec00000, 0x00000000daf80000)
  object space 227328K, 89% used [0x0000000090e00000,0x000000009d3d3118,0x000000009ec00000)
 Metaspace       used 34863K, capacity 35380K, committed 35456K, reserved 1081344K
  class space    used 4072K, capacity 4210K, committed 4224K, reserved 1048576K
Event: 192910.675 GC heap after
Heap after GC invocations=200 (full 13):
 PSYoungGen      total 54784K, used 7850K [0x00000000daf80000, 0x00000000df880000, 0x0000000100000000)
  eden space 46080K, 0% used [0x00000000daf80000,0x00000000daf80000,0x00000000ddc80000)
  from space 8704K, 90% used [0x00000000ddc80000,0x00000000de42a8e0,0x00000000de500000)
  to   space 9728K, 0% used [0x00000000def00000,0x00000000def00000,0x00000000df880000)
 ParOldGen       total 227328K, used 203518K [0x0000000090e00000, 0x000000009ec00000, 0x00000000daf80000)
  object space 227328K, 89% used [0x0000000090e00000,0x000000009d4bf810,0x000000009ec00000)
 Metaspace       used 34863K, capacity 35380K, committed 35456K, reserved 1081344K
  class space    used 4072K, capacity 4210K, committed 4224K, reserved 1048576K
}
Event: 192911.982 GC heap before
{Heap before GC invocations=201 (full 13):
 PSYoungGen      total 54784K, used 53930K [0x00000000daf80000, 0x00000000df880000, 0x0000000100000000)
  eden space 46080K, 100% used [0x00000000daf80000,0x00000000ddc80000,0x00000000ddc80000)
  from space 8704K, 90% used [0x00000000ddc80000,0x00000000de42a8e0,0x00000000de500000)
  to   space 9728K, 0% used [0x00000000def00000,0x00000000def00000,0x00000000df880000)
 ParOldGen       total 227328K, used 203518K [0x0000000090e00000, 0x000000009ec00000, 0x00000000daf80000)
  object space 227328K, 89% used [0x0000000090e00000,0x000000009d4bf810,0x000000009ec00000)
 Metaspace       used 34863K, capacity 35380K, committed 35456K, reserved 1081344K
  class space    used 4072K, capacity 4210K, committed 4224K, reserved 1048576K
Event: 192911.988 GC heap after
Heap after GC invocations=201 (full 13):
 PSYoungGen      total 65024K, used 4294K [0x00000000daf80000, 0x00000000df880000, 0x0000000100000000)
  eden space 55296K, 0% used [0x00000000daf80000,0x00000000daf80000,0x00000000de580000)
  from space 9728K, 44% used [0x00000000def00000,0x00000000df3318a0,0x00000000df880000)
  to   space 9728K, 0% used [0x00000000de580000,0x00000000de580000,0x00000000def00000)
 ParOldGen       total 227328K, used 211116K [0x0000000090e00000, 0x000000009ec00000, 0x00000000daf80000)
  object space 227328K, 92% used [0x0000000090e00000,0x000000009dc2b240,0x000000009ec00000)
 Metaspace       used 34863K, capacity 35380K, committed 35456K, reserved 1081344K
  class space    used 4072K, capacity 4210K, committed 4224K, reserved 1048576K
}
Event: 192913.860 GC heap before
{Heap before GC invocations=202 (full 13):
 PSYoungGen      total 65024K, used 59590K [0x00000000daf80000, 0x00000000df880000, 0x0000000100000000)
  eden space 55296K, 100% used [0x00000000daf80000,0x00000000de580000,0x00000000de580000)
  from space 9728K, 44% used [0x00000000def00000,0x00000000df3318a0,0x00000000df880000)
  to   space 9728K, 0% used [0x00000000de580000,0x00000000de580000,0x00000000def00000)
 ParOldGen       total 227328K, used 211116K [0x0000000090e00000, 0x000000009ec00000, 0x00000000daf80000)
  object space 227328K, 92% used [0x0000000090e00000,0x000000009dc2b240,0x000000009ec00000)
 Metaspace       used 34865K, capacity 35380K, committed 35456K, reserved 1081344K
  class space    used 4072K, capacity 4210K, committed 4224K, reserved 1048576K
Event: 192913.868 GC heap after
Heap after GC invocations=202 (full 13):
 PSYoungGen      total 61952K, used 7662K [0x00000000daf80000, 0x00000000df880000, 0x0000000100000000)
  eden space 54272K, 0% used [0x00000000daf80000,0x00000000daf80000,0x00000000de480000)
  from space 7680K, 99% used [0x00000000de580000,0x00000000decfbb08,0x00000000ded00000)
  to   space 10240K, 0% used [0x00000000dee80000,0x00000000dee80000,0x00000000df880000)
 ParOldGen       total 227328K, used 214106K [0x0000000090e00000, 0x000000009ec00000, 0x00000000daf80000)
  object space 227328K, 94% used [0x0000000090e00000,0x000000009df169f0,0x000000009ec00000)
 Metaspace       used 34865K, capacity 35380K, committed 35456K, reserved 1081344K
  class space    used 4072K, capacity 4210K, committed 4224K, reserved 1048576K
}

